[03-Oct-2022 17:32:53 UTC] PHP Fatal error:  Uncaught Error: Call to undefined function phpadd_action() in /Users/paoloriccardo/Local Sites/hotelpomelia/app/public/wp-content/themes/chaplin-child/functions.php:1
Stack trace:
#0 /Users/paoloriccardo/Local Sites/hotelpomelia/app/public/wp-settings.php(566): include()
#1 /Users/paoloriccardo/Local Sites/hotelpomelia/app/public/wp-config.php(91): require_once('/Users/paoloric...')
#2 /Users/paoloriccardo/Local Sites/hotelpomelia/app/public/wp-load.php(50): require_once('/Users/paoloric...')
#3 /Users/paoloriccardo/Local Sites/hotelpomelia/app/public/wp-admin/admin.php(34): require_once('/Users/paoloric...')
#4 /Users/paoloriccardo/Local Sites/hotelpomelia/app/public/wp-admin/themes.php(10): require_once('/Users/paoloric...')
#5 {main}
  thrown in /Users/paoloriccardo/Local Sites/hotelpomelia/app/public/wp-content/themes/chaplin-child/functions.php on line 1
[03-Oct-2022 17:33:07 UTC] PHP Fatal error:  Uncaught Error: Call to undefined function phpadd_action() in /Users/paoloriccardo/Local Sites/hotelpomelia/app/public/wp-content/themes/chaplin-child/functions.php:1
Stack trace:
#0 /Users/paoloriccardo/Local Sites/hotelpomelia/app/public/wp-settings.php(566): include()
#1 /Users/paoloriccardo/Local Sites/hotelpomelia/app/public/wp-config.php(91): require_once('/Users/paoloric...')
#2 /Users/paoloriccardo/Local Sites/hotelpomelia/app/public/wp-load.php(50): require_once('/Users/paoloric...')
#3 /Users/paoloriccardo/Local Sites/hotelpomelia/app/public/wp-admin/admin.php(34): require_once('/Users/paoloric...')
#4 /Users/paoloriccardo/Local Sites/hotelpomelia/app/public/wp-admin/themes.php(10): require_once('/Users/paoloric...')
#5 {main}
  thrown in /Users/paoloriccardo/Local Sites/hotelpomelia/app/public/wp-content/themes/chaplin-child/functions.php on line 1
[03-Oct-2022 17:33:51 UTC] PHP Fatal error:  Uncaught Error: Call to undefined function phpadd_action() in /Users/paoloriccardo/Local Sites/hotelpomelia/app/public/wp-content/themes/chaplin-child/functions.php:1
Stack trace:
#0 /Users/paoloriccardo/Local Sites/hotelpomelia/app/public/wp-settings.php(566): include()
#1 /Users/paoloriccardo/Local Sites/hotelpomelia/app/public/wp-config.php(91): require_once('/Users/paoloric...')
#2 /Users/paoloriccardo/Local Sites/hotelpomelia/app/public/wp-load.php(50): require_once('/Users/paoloric...')
#3 /Users/paoloriccardo/Local Sites/hotelpomelia/app/public/wp-admin/admin-ajax.php(22): require_once('/Users/paoloric...')
#4 {main}
  thrown in /Users/paoloriccardo/Local Sites/hotelpomelia/app/public/wp-content/themes/chaplin-child/functions.php on line 1
[03-Oct-2022 17:34:45 UTC] PHP Fatal error:  Uncaught Error: Call to undefined function phpadd_action() in /Users/paoloriccardo/Local Sites/hotelpomelia/app/public/wp-content/themes/chaplin-child/functions.php:1
Stack trace:
#0 /Users/paoloriccardo/Local Sites/hotelpomelia/app/public/wp-settings.php(566): include()
#1 /Users/paoloriccardo/Local Sites/hotelpomelia/app/public/wp-config.php(91): require_once('/Users/paoloric...')
#2 /Users/paoloriccardo/Local Sites/hotelpomelia/app/public/wp-load.php(50): require_once('/Users/paoloric...')
#3 /Users/paoloriccardo/Local Sites/hotelpomelia/app/public/wp-admin/admin.php(34): require_once('/Users/paoloric...')
#4 /Users/paoloriccardo/Local Sites/hotelpomelia/app/public/wp-admin/themes.php(10): require_once('/Users/paoloric...')
#5 {main}
  thrown in /Users/paoloriccardo/Local Sites/hotelpomelia/app/public/wp-content/themes/chaplin-child/functions.php on line 1
[04-Oct-2022 16:15:50 UTC] PHP Warning:  session_start(): Cannot start session when headers already sent in /Users/paoloriccardo/Local Sites/hotelpomelia/app/public/wp-content/plugins/vikbooking/libraries/adapter/session/handler.php on line 31
[04-Oct-2022 16:15:50 UTC] PHP Stack trace:
[04-Oct-2022 16:15:50 UTC] PHP   1. {main}() /Users/paoloriccardo/Local Sites/hotelpomelia/app/public/wp-cron.php:0
[04-Oct-2022 16:15:50 UTC] PHP   2. require_once() /Users/paoloriccardo/Local Sites/hotelpomelia/app/public/wp-cron.php:44
[04-Oct-2022 16:15:50 UTC] PHP   3. require_once() /Users/paoloriccardo/Local Sites/hotelpomelia/app/public/wp-load.php:50
[04-Oct-2022 16:15:50 UTC] PHP   4. require_once() /Users/paoloriccardo/Local Sites/hotelpomelia/app/public/wp-config.php:91
[04-Oct-2022 16:15:50 UTC] PHP   5. do_action() /Users/paoloriccardo/Local Sites/hotelpomelia/app/public/wp-settings.php:598
[04-Oct-2022 16:15:50 UTC] PHP   6. WP_Hook->do_action() /Users/paoloriccardo/Local Sites/hotelpomelia/app/public/wp-includes/plugin.php:476
[04-Oct-2022 16:15:50 UTC] PHP   7. WP_Hook->apply_filters() /Users/paoloriccardo/Local Sites/hotelpomelia/app/public/wp-includes/class-wp-hook.php:331
[04-Oct-2022 16:15:50 UTC] PHP   8. JSessionHandler::start() /Users/paoloriccardo/Local Sites/hotelpomelia/app/public/wp-includes/class-wp-hook.php:307
[04-Oct-2022 16:15:50 UTC] PHP   9. session_start() /Users/paoloriccardo/Local Sites/hotelpomelia/app/public/wp-content/plugins/vikbooking/libraries/adapter/session/handler.php:31
[04-Oct-2022 18:04:16 UTC] PHP Warning:  session_start(): Cannot start session when headers already sent in /Users/paoloriccardo/Local Sites/hotelpomelia/app/public/wp-content/plugins/vikbooking/libraries/adapter/session/handler.php on line 31
[04-Oct-2022 18:04:16 UTC] PHP Stack trace:
[04-Oct-2022 18:04:16 UTC] PHP   1. {main}() /Users/paoloriccardo/Local Sites/hotelpomelia/app/public/wp-cron.php:0
[04-Oct-2022 18:04:16 UTC] PHP   2. require_once() /Users/paoloriccardo/Local Sites/hotelpomelia/app/public/wp-cron.php:44
[04-Oct-2022 18:04:16 UTC] PHP   3. require_once() /Users/paoloriccardo/Local Sites/hotelpomelia/app/public/wp-load.php:50
[04-Oct-2022 18:04:16 UTC] PHP   4. require_once() /Users/paoloriccardo/Local Sites/hotelpomelia/app/public/wp-config.php:91
[04-Oct-2022 18:04:16 UTC] PHP   5. do_action() /Users/paoloriccardo/Local Sites/hotelpomelia/app/public/wp-settings.php:598
[04-Oct-2022 18:04:16 UTC] PHP   6. WP_Hook->do_action() /Users/paoloriccardo/Local Sites/hotelpomelia/app/public/wp-includes/plugin.php:476
[04-Oct-2022 18:04:16 UTC] PHP   7. WP_Hook->apply_filters() /Users/paoloriccardo/Local Sites/hotelpomelia/app/public/wp-includes/class-wp-hook.php:331
[04-Oct-2022 18:04:16 UTC] PHP   8. JSessionHandler::start() /Users/paoloriccardo/Local Sites/hotelpomelia/app/public/wp-includes/class-wp-hook.php:307
[04-Oct-2022 18:04:16 UTC] PHP   9. session_start() /Users/paoloriccardo/Local Sites/hotelpomelia/app/public/wp-content/plugins/vikbooking/libraries/adapter/session/handler.php:31
[04-Oct-2022 18:19:19 UTC] PHP Warning:  session_start(): Cannot start session when headers already sent in /Users/paoloriccardo/Local Sites/hotelpomelia/app/public/wp-content/plugins/vikbooking/libraries/adapter/session/handler.php on line 31
[04-Oct-2022 18:19:19 UTC] PHP Stack trace:
[04-Oct-2022 18:19:19 UTC] PHP   1. {main}() /Users/paoloriccardo/Local Sites/hotelpomelia/app/public/wp-cron.php:0
[04-Oct-2022 18:19:19 UTC] PHP   2. require_once() /Users/paoloriccardo/Local Sites/hotelpomelia/app/public/wp-cron.php:44
[04-Oct-2022 18:19:19 UTC] PHP   3. require_once() /Users/paoloriccardo/Local Sites/hotelpomelia/app/public/wp-load.php:50
[04-Oct-2022 18:19:19 UTC] PHP   4. require_once() /Users/paoloriccardo/Local Sites/hotelpomelia/app/public/wp-config.php:91
[04-Oct-2022 18:19:19 UTC] PHP   5. do_action() /Users/paoloriccardo/Local Sites/hotelpomelia/app/public/wp-settings.php:598
[04-Oct-2022 18:19:19 UTC] PHP   6. WP_Hook->do_action() /Users/paoloriccardo/Local Sites/hotelpomelia/app/public/wp-includes/plugin.php:476
[04-Oct-2022 18:19:19 UTC] PHP   7. WP_Hook->apply_filters() /Users/paoloriccardo/Local Sites/hotelpomelia/app/public/wp-includes/class-wp-hook.php:331
[04-Oct-2022 18:19:19 UTC] PHP   8. JSessionHandler::start() /Users/paoloriccardo/Local Sites/hotelpomelia/app/public/wp-includes/class-wp-hook.php:307
[04-Oct-2022 18:19:19 UTC] PHP   9. session_start() /Users/paoloriccardo/Local Sites/hotelpomelia/app/public/wp-content/plugins/vikbooking/libraries/adapter/session/handler.php:31
[04-Oct-2022 18:52:38 UTC] PHP Warning:  Invalid argument supplied for foreach() in /Users/paoloriccardo/Local Sites/hotelpomelia/app/public/wp-content/plugins/vikbooking/libraries/system/install.php on line 235
[04-Oct-2022 18:52:38 UTC] PHP Stack trace:
[04-Oct-2022 18:52:38 UTC] PHP   1. {main}() /Users/paoloriccardo/Local Sites/hotelpomelia/app/public/wp-cron.php:0
[04-Oct-2022 18:52:38 UTC] PHP   2. do_action_ref_array() /Users/paoloriccardo/Local Sites/hotelpomelia/app/public/wp-cron.php:138
[04-Oct-2022 18:52:38 UTC] PHP   3. WP_Hook->do_action() /Users/paoloriccardo/Local Sites/hotelpomelia/app/public/wp-includes/plugin.php:524
[04-Oct-2022 18:52:38 UTC] PHP   4. WP_Hook->apply_filters() /Users/paoloriccardo/Local Sites/hotelpomelia/app/public/wp-includes/class-wp-hook.php:331
[04-Oct-2022 18:52:38 UTC] PHP   5. wp_version_check() /Users/paoloriccardo/Local Sites/hotelpomelia/app/public/wp-includes/class-wp-hook.php:307
[04-Oct-2022 18:52:38 UTC] PHP   6. do_action() /Users/paoloriccardo/Local Sites/hotelpomelia/app/public/wp-includes/update.php:253
[04-Oct-2022 18:52:38 UTC] PHP   7. WP_Hook->do_action() /Users/paoloriccardo/Local Sites/hotelpomelia/app/public/wp-includes/plugin.php:476
[04-Oct-2022 18:52:38 UTC] PHP   8. WP_Hook->apply_filters() /Users/paoloriccardo/Local Sites/hotelpomelia/app/public/wp-includes/class-wp-hook.php:331
[04-Oct-2022 18:52:38 UTC] PHP   9. wp_maybe_auto_update() /Users/paoloriccardo/Local Sites/hotelpomelia/app/public/wp-includes/class-wp-hook.php:307
[04-Oct-2022 18:52:38 UTC] PHP  10. WP_Automatic_Updater->run() /Users/paoloriccardo/Local Sites/hotelpomelia/app/public/wp-includes/update.php:726
[04-Oct-2022 18:52:38 UTC] PHP  11. do_action() /Users/paoloriccardo/Local Sites/hotelpomelia/app/public/wp-admin/includes/class-wp-automatic-updater.php:558
[04-Oct-2022 18:52:38 UTC] PHP  12. WP_Hook->do_action() /Users/paoloriccardo/Local Sites/hotelpomelia/app/public/wp-includes/plugin.php:476
[04-Oct-2022 18:52:38 UTC] PHP  13. WP_Hook->apply_filters() /Users/paoloriccardo/Local Sites/hotelpomelia/app/public/wp-includes/class-wp-hook.php:331
[04-Oct-2022 18:52:38 UTC] PHP  14. VikBookingInstaller::automaticUpdate() /Users/paoloriccardo/Local Sites/hotelpomelia/app/public/wp-includes/class-wp-hook.php:307
[04-Oct-2022 20:31:22 UTC] PHP Warning:  session_start(): Cannot start session when headers already sent in /Users/paoloriccardo/Local Sites/hotelpomelia/app/public/wp-content/plugins/vikbooking/libraries/adapter/session/handler.php on line 31
[04-Oct-2022 20:31:22 UTC] PHP Stack trace:
[04-Oct-2022 20:31:22 UTC] PHP   1. {main}() /Users/paoloriccardo/Local Sites/hotelpomelia/app/public/wp-cron.php:0
[04-Oct-2022 20:31:22 UTC] PHP   2. require_once() /Users/paoloriccardo/Local Sites/hotelpomelia/app/public/wp-cron.php:44
[04-Oct-2022 20:31:22 UTC] PHP   3. require_once() /Users/paoloriccardo/Local Sites/hotelpomelia/app/public/wp-load.php:50
[04-Oct-2022 20:31:22 UTC] PHP   4. require_once() /Users/paoloriccardo/Local Sites/hotelpomelia/app/public/wp-config.php:91
[04-Oct-2022 20:31:22 UTC] PHP   5. do_action() /Users/paoloriccardo/Local Sites/hotelpomelia/app/public/wp-settings.php:598
[04-Oct-2022 20:31:22 UTC] PHP   6. WP_Hook->do_action() /Users/paoloriccardo/Local Sites/hotelpomelia/app/public/wp-includes/plugin.php:476
[04-Oct-2022 20:31:22 UTC] PHP   7. WP_Hook->apply_filters() /Users/paoloriccardo/Local Sites/hotelpomelia/app/public/wp-includes/class-wp-hook.php:331
[04-Oct-2022 20:31:22 UTC] PHP   8. JSessionHandler::start() /Users/paoloriccardo/Local Sites/hotelpomelia/app/public/wp-includes/class-wp-hook.php:307
[04-Oct-2022 20:31:22 UTC] PHP   9. session_start() /Users/paoloriccardo/Local Sites/hotelpomelia/app/public/wp-content/plugins/vikbooking/libraries/adapter/session/handler.php:31
[05-Oct-2022 01:59:42 UTC] PHP Warning:  session_start(): Cannot start session when headers already sent in /Users/paoloriccardo/Local Sites/hotelpomelia/app/public/wp-content/plugins/vikbooking/libraries/adapter/session/handler.php on line 31
[05-Oct-2022 01:59:42 UTC] PHP Stack trace:
[05-Oct-2022 01:59:42 UTC] PHP   1. {main}() /Users/paoloriccardo/Local Sites/hotelpomelia/app/public/wp-cron.php:0
[05-Oct-2022 01:59:42 UTC] PHP   2. require_once() /Users/paoloriccardo/Local Sites/hotelpomelia/app/public/wp-cron.php:44
[05-Oct-2022 01:59:42 UTC] PHP   3. require_once() /Users/paoloriccardo/Local Sites/hotelpomelia/app/public/wp-load.php:50
[05-Oct-2022 01:59:42 UTC] PHP   4. require_once() /Users/paoloriccardo/Local Sites/hotelpomelia/app/public/wp-config.php:91
[05-Oct-2022 01:59:42 UTC] PHP   5. do_action() /Users/paoloriccardo/Local Sites/hotelpomelia/app/public/wp-settings.php:598
[05-Oct-2022 01:59:42 UTC] PHP   6. WP_Hook->do_action() /Users/paoloriccardo/Local Sites/hotelpomelia/app/public/wp-includes/plugin.php:476
[05-Oct-2022 01:59:42 UTC] PHP   7. WP_Hook->apply_filters() /Users/paoloriccardo/Local Sites/hotelpomelia/app/public/wp-includes/class-wp-hook.php:331
[05-Oct-2022 01:59:42 UTC] PHP   8. JSessionHandler::start() /Users/paoloriccardo/Local Sites/hotelpomelia/app/public/wp-includes/class-wp-hook.php:307
[05-Oct-2022 01:59:42 UTC] PHP   9. session_start() /Users/paoloriccardo/Local Sites/hotelpomelia/app/public/wp-content/plugins/vikbooking/libraries/adapter/session/handler.php:31
[05-Oct-2022 07:31:51 UTC] PHP Warning:  session_start(): Cannot start session when headers already sent in /Users/paoloriccardo/Local Sites/hotelpomelia/app/public/wp-content/plugins/vikbooking/libraries/adapter/session/handler.php on line 31
[05-Oct-2022 07:31:51 UTC] PHP Stack trace:
[05-Oct-2022 07:31:51 UTC] PHP   1. {main}() /Users/paoloriccardo/Local Sites/hotelpomelia/app/public/wp-cron.php:0
[05-Oct-2022 07:31:51 UTC] PHP   2. require_once() /Users/paoloriccardo/Local Sites/hotelpomelia/app/public/wp-cron.php:44
[05-Oct-2022 07:31:51 UTC] PHP   3. require_once() /Users/paoloriccardo/Local Sites/hotelpomelia/app/public/wp-load.php:50
[05-Oct-2022 07:31:51 UTC] PHP   4. require_once() /Users/paoloriccardo/Local Sites/hotelpomelia/app/public/wp-config.php:91
[05-Oct-2022 07:31:51 UTC] PHP   5. do_action() /Users/paoloriccardo/Local Sites/hotelpomelia/app/public/wp-settings.php:598
[05-Oct-2022 07:31:51 UTC] PHP   6. WP_Hook->do_action() /Users/paoloriccardo/Local Sites/hotelpomelia/app/public/wp-includes/plugin.php:476
[05-Oct-2022 07:31:51 UTC] PHP   7. WP_Hook->apply_filters() /Users/paoloriccardo/Local Sites/hotelpomelia/app/public/wp-includes/class-wp-hook.php:331
[05-Oct-2022 07:31:51 UTC] PHP   8. JSessionHandler::start() /Users/paoloriccardo/Local Sites/hotelpomelia/app/public/wp-includes/class-wp-hook.php:307
[05-Oct-2022 07:31:51 UTC] PHP   9. session_start() /Users/paoloriccardo/Local Sites/hotelpomelia/app/public/wp-content/plugins/vikbooking/libraries/adapter/session/handler.php:31
[05-Oct-2022 08:03:52 UTC] PHP Warning:  Si è verificato un errore inaspettato. C'è qualche cosa di sbagliato con WordPress.org o con la configurazione di questo server. Se continui ad avere problemi, chiedi aiuto sul <a href="https://it.wordpress.org/support/forums/">forum di supporto</a>. (WordPress non può stabilire una connessione sicura a WordPress.org. Contatta l’amministratore del server.) in /Users/paoloriccardo/Local Sites/hotelpomelia/app/public/wp-includes/update.php on line 410
[05-Oct-2022 08:03:52 UTC] PHP Stack trace:
[05-Oct-2022 08:03:52 UTC] PHP   1. {main}() /Users/paoloriccardo/Local Sites/hotelpomelia/app/public/wp-cron.php:0
[05-Oct-2022 08:03:52 UTC] PHP   2. do_action_ref_array() /Users/paoloriccardo/Local Sites/hotelpomelia/app/public/wp-cron.php:138
[05-Oct-2022 08:03:52 UTC] PHP   3. WP_Hook->do_action() /Users/paoloriccardo/Local Sites/hotelpomelia/app/public/wp-includes/plugin.php:524
[05-Oct-2022 08:03:52 UTC] PHP   4. WP_Hook->apply_filters() /Users/paoloriccardo/Local Sites/hotelpomelia/app/public/wp-includes/class-wp-hook.php:331
[05-Oct-2022 08:03:52 UTC] PHP   5. wp_version_check() /Users/paoloriccardo/Local Sites/hotelpomelia/app/public/wp-includes/class-wp-hook.php:307
[05-Oct-2022 08:03:52 UTC] PHP   6. do_action() /Users/paoloriccardo/Local Sites/hotelpomelia/app/public/wp-includes/update.php:253
[05-Oct-2022 08:03:52 UTC] PHP   7. WP_Hook->do_action() /Users/paoloriccardo/Local Sites/hotelpomelia/app/public/wp-includes/plugin.php:476
[05-Oct-2022 08:03:52 UTC] PHP   8. WP_Hook->apply_filters() /Users/paoloriccardo/Local Sites/hotelpomelia/app/public/wp-includes/class-wp-hook.php:331
[05-Oct-2022 08:03:52 UTC] PHP   9. wp_maybe_auto_update() /Users/paoloriccardo/Local Sites/hotelpomelia/app/public/wp-includes/class-wp-hook.php:307
[05-Oct-2022 08:03:52 UTC] PHP  10. WP_Automatic_Updater->run() /Users/paoloriccardo/Local Sites/hotelpomelia/app/public/wp-includes/update.php:726
[05-Oct-2022 08:03:52 UTC] PHP  11. wp_update_plugins() /Users/paoloriccardo/Local Sites/hotelpomelia/app/public/wp-admin/includes/class-wp-automatic-updater.php:525
[05-Oct-2022 08:03:52 UTC] PHP  12. trigger_error() /Users/paoloriccardo/Local Sites/hotelpomelia/app/public/wp-includes/update.php:410
[05-Oct-2022 08:03:52 UTC] PHP Warning:  Invalid argument supplied for foreach() in /Users/paoloriccardo/Local Sites/hotelpomelia/app/public/wp-content/plugins/vikbooking/libraries/system/install.php on line 235
[05-Oct-2022 08:03:52 UTC] PHP Stack trace:
[05-Oct-2022 08:03:52 UTC] PHP   1. {main}() /Users/paoloriccardo/Local Sites/hotelpomelia/app/public/wp-cron.php:0
[05-Oct-2022 08:03:52 UTC] PHP   2. do_action_ref_array() /Users/paoloriccardo/Local Sites/hotelpomelia/app/public/wp-cron.php:138
[05-Oct-2022 08:03:52 UTC] PHP   3. WP_Hook->do_action() /Users/paoloriccardo/Local Sites/hotelpomelia/app/public/wp-includes/plugin.php:524
[05-Oct-2022 08:03:52 UTC] PHP   4. WP_Hook->apply_filters() /Users/paoloriccardo/Local Sites/hotelpomelia/app/public/wp-includes/class-wp-hook.php:331
[05-Oct-2022 08:03:52 UTC] PHP   5. wp_version_check() /Users/paoloriccardo/Local Sites/hotelpomelia/app/public/wp-includes/class-wp-hook.php:307
[05-Oct-2022 08:03:52 UTC] PHP   6. do_action() /Users/paoloriccardo/Local Sites/hotelpomelia/app/public/wp-includes/update.php:253
[05-Oct-2022 08:03:52 UTC] PHP   7. WP_Hook->do_action() /Users/paoloriccardo/Local Sites/hotelpomelia/app/public/wp-includes/plugin.php:476
[05-Oct-2022 08:03:52 UTC] PHP   8. WP_Hook->apply_filters() /Users/paoloriccardo/Local Sites/hotelpomelia/app/public/wp-includes/class-wp-hook.php:331
[05-Oct-2022 08:03:52 UTC] PHP   9. wp_maybe_auto_update() /Users/paoloriccardo/Local Sites/hotelpomelia/app/public/wp-includes/class-wp-hook.php:307
[05-Oct-2022 08:03:52 UTC] PHP  10. WP_Automatic_Updater->run() /Users/paoloriccardo/Local Sites/hotelpomelia/app/public/wp-includes/update.php:726
[05-Oct-2022 08:03:52 UTC] PHP  11. do_action() /Users/paoloriccardo/Local Sites/hotelpomelia/app/public/wp-admin/includes/class-wp-automatic-updater.php:558
[05-Oct-2022 08:03:52 UTC] PHP  12. WP_Hook->do_action() /Users/paoloriccardo/Local Sites/hotelpomelia/app/public/wp-includes/plugin.php:476
[05-Oct-2022 08:03:52 UTC] PHP  13. WP_Hook->apply_filters() /Users/paoloriccardo/Local Sites/hotelpomelia/app/public/wp-includes/class-wp-hook.php:331
[05-Oct-2022 08:03:52 UTC] PHP  14. VikBookingInstaller::automaticUpdate() /Users/paoloriccardo/Local Sites/hotelpomelia/app/public/wp-includes/class-wp-hook.php:307
[05-Oct-2022 12:04:47 UTC] PHP Warning:  session_start(): Cannot start session when headers already sent in /Users/paoloriccardo/Local Sites/hotelpomelia/app/public/wp-content/plugins/vikbooking/libraries/adapter/session/handler.php on line 31
[05-Oct-2022 12:04:47 UTC] PHP Stack trace:
[05-Oct-2022 12:04:47 UTC] PHP   1. {main}() /Users/paoloriccardo/Local Sites/hotelpomelia/app/public/wp-cron.php:0
[05-Oct-2022 12:04:47 UTC] PHP   2. require_once() /Users/paoloriccardo/Local Sites/hotelpomelia/app/public/wp-cron.php:44
[05-Oct-2022 12:04:47 UTC] PHP   3. require_once() /Users/paoloriccardo/Local Sites/hotelpomelia/app/public/wp-load.php:50
[05-Oct-2022 12:04:47 UTC] PHP   4. require_once() /Users/paoloriccardo/Local Sites/hotelpomelia/app/public/wp-config.php:91
[05-Oct-2022 12:04:47 UTC] PHP   5. do_action() /Users/paoloriccardo/Local Sites/hotelpomelia/app/public/wp-settings.php:598
[05-Oct-2022 12:04:47 UTC] PHP   6. WP_Hook->do_action() /Users/paoloriccardo/Local Sites/hotelpomelia/app/public/wp-includes/plugin.php:476
[05-Oct-2022 12:04:47 UTC] PHP   7. WP_Hook->apply_filters() /Users/paoloriccardo/Local Sites/hotelpomelia/app/public/wp-includes/class-wp-hook.php:331
[05-Oct-2022 12:04:47 UTC] PHP   8. JSessionHandler::start() /Users/paoloriccardo/Local Sites/hotelpomelia/app/public/wp-includes/class-wp-hook.php:307
[05-Oct-2022 12:04:47 UTC] PHP   9. session_start() /Users/paoloriccardo/Local Sites/hotelpomelia/app/public/wp-content/plugins/vikbooking/libraries/adapter/session/handler.php:31
[05-Oct-2022 12:20:03 UTC] PHP Warning:  session_start(): Cannot start session when headers already sent in /Users/paoloriccardo/Local Sites/hotelpomelia/app/public/wp-content/plugins/vikbooking/libraries/adapter/session/handler.php on line 31
[05-Oct-2022 12:20:03 UTC] PHP Stack trace:
[05-Oct-2022 12:20:03 UTC] PHP   1. {main}() /Users/paoloriccardo/Local Sites/hotelpomelia/app/public/wp-cron.php:0
[05-Oct-2022 12:20:03 UTC] PHP   2. require_once() /Users/paoloriccardo/Local Sites/hotelpomelia/app/public/wp-cron.php:44
[05-Oct-2022 12:20:03 UTC] PHP   3. require_once() /Users/paoloriccardo/Local Sites/hotelpomelia/app/public/wp-load.php:50
[05-Oct-2022 12:20:03 UTC] PHP   4. require_once() /Users/paoloriccardo/Local Sites/hotelpomelia/app/public/wp-config.php:91
[05-Oct-2022 12:20:03 UTC] PHP   5. do_action() /Users/paoloriccardo/Local Sites/hotelpomelia/app/public/wp-settings.php:598
[05-Oct-2022 12:20:03 UTC] PHP   6. WP_Hook->do_action() /Users/paoloriccardo/Local Sites/hotelpomelia/app/public/wp-includes/plugin.php:476
[05-Oct-2022 12:20:03 UTC] PHP   7. WP_Hook->apply_filters() /Users/paoloriccardo/Local Sites/hotelpomelia/app/public/wp-includes/class-wp-hook.php:331
[05-Oct-2022 12:20:03 UTC] PHP   8. JSessionHandler::start() /Users/paoloriccardo/Local Sites/hotelpomelia/app/public/wp-includes/class-wp-hook.php:307
[05-Oct-2022 12:20:03 UTC] PHP   9. session_start() /Users/paoloriccardo/Local Sites/hotelpomelia/app/public/wp-content/plugins/vikbooking/libraries/adapter/session/handler.php:31
[05-Oct-2022 13:54:51 UTC] PHP Warning:  session_start(): Cannot start session when headers already sent in /Users/paoloriccardo/Local Sites/hotelpomelia/app/public/wp-content/plugins/vikbooking/libraries/adapter/session/handler.php on line 31
[05-Oct-2022 13:54:51 UTC] PHP Stack trace:
[05-Oct-2022 13:54:51 UTC] PHP   1. {main}() /Users/paoloriccardo/Local Sites/hotelpomelia/app/public/wp-cron.php:0
[05-Oct-2022 13:54:51 UTC] PHP   2. require_once() /Users/paoloriccardo/Local Sites/hotelpomelia/app/public/wp-cron.php:44
[05-Oct-2022 13:54:51 UTC] PHP   3. require_once() /Users/paoloriccardo/Local Sites/hotelpomelia/app/public/wp-load.php:50
[05-Oct-2022 13:54:51 UTC] PHP   4. require_once() /Users/paoloriccardo/Local Sites/hotelpomelia/app/public/wp-config.php:91
[05-Oct-2022 13:54:51 UTC] PHP   5. do_action() /Users/paoloriccardo/Local Sites/hotelpomelia/app/public/wp-settings.php:598
[05-Oct-2022 13:54:51 UTC] PHP   6. WP_Hook->do_action() /Users/paoloriccardo/Local Sites/hotelpomelia/app/public/wp-includes/plugin.php:476
[05-Oct-2022 13:54:51 UTC] PHP   7. WP_Hook->apply_filters() /Users/paoloriccardo/Local Sites/hotelpomelia/app/public/wp-includes/class-wp-hook.php:331
[05-Oct-2022 13:54:51 UTC] PHP   8. JSessionHandler::start() /Users/paoloriccardo/Local Sites/hotelpomelia/app/public/wp-includes/class-wp-hook.php:307
[05-Oct-2022 13:54:51 UTC] PHP   9. session_start() /Users/paoloriccardo/Local Sites/hotelpomelia/app/public/wp-content/plugins/vikbooking/libraries/adapter/session/handler.php:31
[05-Oct-2022 15:30:51 UTC] PHP Warning:  session_start(): Cannot start session when headers already sent in /Users/paoloriccardo/Local Sites/hotelpomelia/app/public/wp-content/plugins/vikbooking/libraries/adapter/session/handler.php on line 31
[05-Oct-2022 15:30:51 UTC] PHP Stack trace:
[05-Oct-2022 15:30:51 UTC] PHP   1. {main}() /Users/paoloriccardo/Local Sites/hotelpomelia/app/public/wp-cron.php:0
[05-Oct-2022 15:30:51 UTC] PHP   2. require_once() /Users/paoloriccardo/Local Sites/hotelpomelia/app/public/wp-cron.php:44
[05-Oct-2022 15:30:51 UTC] PHP   3. require_once() /Users/paoloriccardo/Local Sites/hotelpomelia/app/public/wp-load.php:50
[05-Oct-2022 15:30:51 UTC] PHP   4. require_once() /Users/paoloriccardo/Local Sites/hotelpomelia/app/public/wp-config.php:91
[05-Oct-2022 15:30:51 UTC] PHP   5. do_action() /Users/paoloriccardo/Local Sites/hotelpomelia/app/public/wp-settings.php:598
[05-Oct-2022 15:30:51 UTC] PHP   6. WP_Hook->do_action() /Users/paoloriccardo/Local Sites/hotelpomelia/app/public/wp-includes/plugin.php:476
[05-Oct-2022 15:30:51 UTC] PHP   7. WP_Hook->apply_filters() /Users/paoloriccardo/Local Sites/hotelpomelia/app/public/wp-includes/class-wp-hook.php:331
[05-Oct-2022 15:30:51 UTC] PHP   8. JSessionHandler::start() /Users/paoloriccardo/Local Sites/hotelpomelia/app/public/wp-includes/class-wp-hook.php:307
[05-Oct-2022 15:30:51 UTC] PHP   9. session_start() /Users/paoloriccardo/Local Sites/hotelpomelia/app/public/wp-content/plugins/vikbooking/libraries/adapter/session/handler.php:31
[05-Oct-2022 16:42:49 UTC] PHP Warning:  session_start(): Cannot start session when headers already sent in /Users/paoloriccardo/Local Sites/hotelpomelia/app/public/wp-content/plugins/vikbooking/libraries/adapter/session/handler.php on line 31
[05-Oct-2022 16:42:49 UTC] PHP Stack trace:
[05-Oct-2022 16:42:49 UTC] PHP   1. {main}() /Users/paoloriccardo/Local Sites/hotelpomelia/app/public/wp-cron.php:0
[05-Oct-2022 16:42:49 UTC] PHP   2. require_once() /Users/paoloriccardo/Local Sites/hotelpomelia/app/public/wp-cron.php:44
[05-Oct-2022 16:42:49 UTC] PHP   3. require_once() /Users/paoloriccardo/Local Sites/hotelpomelia/app/public/wp-load.php:50
[05-Oct-2022 16:42:49 UTC] PHP   4. require_once() /Users/paoloriccardo/Local Sites/hotelpomelia/app/public/wp-config.php:91
[05-Oct-2022 16:42:49 UTC] PHP   5. do_action() /Users/paoloriccardo/Local Sites/hotelpomelia/app/public/wp-settings.php:598
[05-Oct-2022 16:42:49 UTC] PHP   6. WP_Hook->do_action() /Users/paoloriccardo/Local Sites/hotelpomelia/app/public/wp-includes/plugin.php:476
[05-Oct-2022 16:42:49 UTC] PHP   7. WP_Hook->apply_filters() /Users/paoloriccardo/Local Sites/hotelpomelia/app/public/wp-includes/class-wp-hook.php:331
[05-Oct-2022 16:42:49 UTC] PHP   8. JSessionHandler::start() /Users/paoloriccardo/Local Sites/hotelpomelia/app/public/wp-includes/class-wp-hook.php:307
[05-Oct-2022 16:42:49 UTC] PHP   9. session_start() /Users/paoloriccardo/Local Sites/hotelpomelia/app/public/wp-content/plugins/vikbooking/libraries/adapter/session/handler.php:31
[05-Oct-2022 18:02:04 UTC] PHP Warning:  session_start(): Cannot start session when headers already sent in /Users/paoloriccardo/Local Sites/hotelpomelia/app/public/wp-content/plugins/vikbooking/libraries/adapter/session/handler.php on line 31
[05-Oct-2022 18:02:04 UTC] PHP Stack trace:
[05-Oct-2022 18:02:04 UTC] PHP   1. {main}() /Users/paoloriccardo/Local Sites/hotelpomelia/app/public/wp-cron.php:0
[05-Oct-2022 18:02:04 UTC] PHP   2. require_once() /Users/paoloriccardo/Local Sites/hotelpomelia/app/public/wp-cron.php:44
[05-Oct-2022 18:02:04 UTC] PHP   3. require_once() /Users/paoloriccardo/Local Sites/hotelpomelia/app/public/wp-load.php:50
[05-Oct-2022 18:02:04 UTC] PHP   4. require_once() /Users/paoloriccardo/Local Sites/hotelpomelia/app/public/wp-config.php:91
[05-Oct-2022 18:02:04 UTC] PHP   5. do_action() /Users/paoloriccardo/Local Sites/hotelpomelia/app/public/wp-settings.php:598
[05-Oct-2022 18:02:04 UTC] PHP   6. WP_Hook->do_action() /Users/paoloriccardo/Local Sites/hotelpomelia/app/public/wp-includes/plugin.php:476
[05-Oct-2022 18:02:04 UTC] PHP   7. WP_Hook->apply_filters() /Users/paoloriccardo/Local Sites/hotelpomelia/app/public/wp-includes/class-wp-hook.php:331
[05-Oct-2022 18:02:04 UTC] PHP   8. JSessionHandler::start() /Users/paoloriccardo/Local Sites/hotelpomelia/app/public/wp-includes/class-wp-hook.php:307
[05-Oct-2022 18:02:04 UTC] PHP   9. session_start() /Users/paoloriccardo/Local Sites/hotelpomelia/app/public/wp-content/plugins/vikbooking/libraries/adapter/session/handler.php:31
[05-Oct-2022 18:02:04 UTC] PHP Warning:  Si è verificato un errore inaspettato. C'è qualche cosa di sbagliato con WordPress.org o con la configurazione di questo server. Se continui ad avere problemi, chiedi aiuto sul <a href="https://it.wordpress.org/support/forums/">forum di supporto</a>. (WordPress non può stabilire una connessione sicura a WordPress.org. Contatta l’amministratore del server.) in /Users/paoloriccardo/Local Sites/hotelpomelia/app/public/wp-includes/update.php on line 172
[05-Oct-2022 18:02:04 UTC] PHP Stack trace:
[05-Oct-2022 18:02:04 UTC] PHP   1. {main}() /Users/paoloriccardo/Local Sites/hotelpomelia/app/public/wp-cron.php:0
[05-Oct-2022 18:02:04 UTC] PHP   2. do_action_ref_array() /Users/paoloriccardo/Local Sites/hotelpomelia/app/public/wp-cron.php:138
[05-Oct-2022 18:02:04 UTC] PHP   3. WP_Hook->do_action() /Users/paoloriccardo/Local Sites/hotelpomelia/app/public/wp-includes/plugin.php:524
[05-Oct-2022 18:02:04 UTC] PHP   4. WP_Hook->apply_filters() /Users/paoloriccardo/Local Sites/hotelpomelia/app/public/wp-includes/class-wp-hook.php:331
[05-Oct-2022 18:02:04 UTC] PHP   5. wp_version_check() /Users/paoloriccardo/Local Sites/hotelpomelia/app/public/wp-includes/class-wp-hook.php:307
[05-Oct-2022 18:02:04 UTC] PHP   6. trigger_error() /Users/paoloriccardo/Local Sites/hotelpomelia/app/public/wp-includes/update.php:172
[05-Oct-2022 18:02:04 UTC] PHP Warning:  Si è verificato un errore inaspettato. C'è qualche cosa di sbagliato con WordPress.org o con la configurazione di questo server. Se continui ad avere problemi, chiedi aiuto sul <a href="https://it.wordpress.org/support/forums/">forum di supporto</a>. (WordPress non può stabilire una connessione sicura a WordPress.org. Contatta l’amministratore del server.) in /Users/paoloriccardo/Local Sites/hotelpomelia/app/public/wp-includes/update.php on line 410
[05-Oct-2022 18:02:04 UTC] PHP Stack trace:
[05-Oct-2022 18:02:04 UTC] PHP   1. {main}() /Users/paoloriccardo/Local Sites/hotelpomelia/app/public/wp-cron.php:0
[05-Oct-2022 18:02:04 UTC] PHP   2. do_action_ref_array() /Users/paoloriccardo/Local Sites/hotelpomelia/app/public/wp-cron.php:138
[05-Oct-2022 18:02:04 UTC] PHP   3. WP_Hook->do_action() /Users/paoloriccardo/Local Sites/hotelpomelia/app/public/wp-includes/plugin.php:524
[05-Oct-2022 18:02:04 UTC] PHP   4. WP_Hook->apply_filters() /Users/paoloriccardo/Local Sites/hotelpomelia/app/public/wp-includes/class-wp-hook.php:331
[05-Oct-2022 18:02:04 UTC] PHP   5. wp_update_plugins() /Users/paoloriccardo/Local Sites/hotelpomelia/app/public/wp-includes/class-wp-hook.php:307
[05-Oct-2022 18:02:04 UTC] PHP   6. trigger_error() /Users/paoloriccardo/Local Sites/hotelpomelia/app/public/wp-includes/update.php:410
[05-Oct-2022 18:02:04 UTC] PHP Warning:  Si è verificato un errore inaspettato. C'è qualche cosa di sbagliato con WordPress.org o con la configurazione di questo server. Se continui ad avere problemi, chiedi aiuto sul <a href="https://it.wordpress.org/support/forums/">forum di supporto</a>. (WordPress non può stabilire una connessione sicura a WordPress.org. Contatta l’amministratore del server.) in /Users/paoloriccardo/Local Sites/hotelpomelia/app/public/wp-includes/update.php on line 690
[05-Oct-2022 18:02:04 UTC] PHP Stack trace:
[05-Oct-2022 18:02:04 UTC] PHP   1. {main}() /Users/paoloriccardo/Local Sites/hotelpomelia/app/public/wp-cron.php:0
[05-Oct-2022 18:02:04 UTC] PHP   2. do_action_ref_array() /Users/paoloriccardo/Local Sites/hotelpomelia/app/public/wp-cron.php:138
[05-Oct-2022 18:02:04 UTC] PHP   3. WP_Hook->do_action() /Users/paoloriccardo/Local Sites/hotelpomelia/app/public/wp-includes/plugin.php:524
[05-Oct-2022 18:02:04 UTC] PHP   4. WP_Hook->apply_filters() /Users/paoloriccardo/Local Sites/hotelpomelia/app/public/wp-includes/class-wp-hook.php:331
[05-Oct-2022 18:02:04 UTC] PHP   5. wp_update_themes() /Users/paoloriccardo/Local Sites/hotelpomelia/app/public/wp-includes/class-wp-hook.php:307
[05-Oct-2022 18:02:04 UTC] PHP   6. trigger_error() /Users/paoloriccardo/Local Sites/hotelpomelia/app/public/wp-includes/update.php:690
[06-Oct-2022 11:54:53 UTC] PHP Warning:  session_start(): Cannot start session when headers already sent in /Users/paoloriccardo/Local Sites/hotelpomelia/app/public/wp-content/plugins/vikbooking/libraries/adapter/session/handler.php on line 31
[06-Oct-2022 11:54:53 UTC] PHP Stack trace:
[06-Oct-2022 11:54:53 UTC] PHP   1. {main}() /Users/paoloriccardo/Local Sites/hotelpomelia/app/public/wp-cron.php:0
[06-Oct-2022 11:54:53 UTC] PHP   2. require_once() /Users/paoloriccardo/Local Sites/hotelpomelia/app/public/wp-cron.php:44
[06-Oct-2022 11:54:53 UTC] PHP   3. require_once() /Users/paoloriccardo/Local Sites/hotelpomelia/app/public/wp-load.php:50
[06-Oct-2022 11:54:53 UTC] PHP   4. require_once() /Users/paoloriccardo/Local Sites/hotelpomelia/app/public/wp-config.php:91
[06-Oct-2022 11:54:53 UTC] PHP   5. do_action() /Users/paoloriccardo/Local Sites/hotelpomelia/app/public/wp-settings.php:598
[06-Oct-2022 11:54:53 UTC] PHP   6. WP_Hook->do_action() /Users/paoloriccardo/Local Sites/hotelpomelia/app/public/wp-includes/plugin.php:476
[06-Oct-2022 11:54:53 UTC] PHP   7. WP_Hook->apply_filters() /Users/paoloriccardo/Local Sites/hotelpomelia/app/public/wp-includes/class-wp-hook.php:331
[06-Oct-2022 11:54:53 UTC] PHP   8. JSessionHandler::start() /Users/paoloriccardo/Local Sites/hotelpomelia/app/public/wp-includes/class-wp-hook.php:307
[06-Oct-2022 11:54:53 UTC] PHP   9. session_start() /Users/paoloriccardo/Local Sites/hotelpomelia/app/public/wp-content/plugins/vikbooking/libraries/adapter/session/handler.php:31
[06-Oct-2022 11:55:05 UTC] PHP Warning:  Si è verificato un errore inaspettato. C'è qualche cosa di sbagliato con WordPress.org o con la configurazione di questo server. Se continui ad avere problemi, chiedi aiuto sul <a href="https://it.wordpress.org/support/forums/">forum di supporto</a>. (WordPress non può stabilire una connessione sicura a WordPress.org. Contatta l’amministratore del server.) in /Users/paoloriccardo/Local Sites/hotelpomelia/app/public/wp-admin/includes/translation-install.php on line 68
[06-Oct-2022 11:55:05 UTC] PHP Stack trace:
[06-Oct-2022 11:55:05 UTC] PHP   1. {main}() /Users/paoloriccardo/Local Sites/hotelpomelia/app/public/wp-admin/options-general.php:0
[06-Oct-2022 11:55:05 UTC] PHP   2. wp_get_available_translations() /Users/paoloriccardo/Local Sites/hotelpomelia/app/public/wp-admin/options-general.php:160
[06-Oct-2022 11:55:05 UTC] PHP   3. translations_api() /Users/paoloriccardo/Local Sites/hotelpomelia/app/public/wp-admin/includes/translation-install.php:133
[06-Oct-2022 11:55:05 UTC] PHP   4. trigger_error() /Users/paoloriccardo/Local Sites/hotelpomelia/app/public/wp-admin/includes/translation-install.php:68
[06-Oct-2022 12:17:37 UTC] PHP Warning:  session_start(): Cannot start session when headers already sent in /Users/paoloriccardo/Local Sites/hotelpomelia/app/public/wp-content/plugins/vikbooking/libraries/adapter/session/handler.php on line 31
[06-Oct-2022 12:17:37 UTC] PHP Stack trace:
[06-Oct-2022 12:17:37 UTC] PHP   1. {main}() /Users/paoloriccardo/Local Sites/hotelpomelia/app/public/wp-cron.php:0
[06-Oct-2022 12:17:37 UTC] PHP   2. require_once() /Users/paoloriccardo/Local Sites/hotelpomelia/app/public/wp-cron.php:44
[06-Oct-2022 12:17:37 UTC] PHP   3. require_once() /Users/paoloriccardo/Local Sites/hotelpomelia/app/public/wp-load.php:50
[06-Oct-2022 12:17:37 UTC] PHP   4. require_once() /Users/paoloriccardo/Local Sites/hotelpomelia/app/public/wp-config.php:91
[06-Oct-2022 12:17:37 UTC] PHP   5. do_action() /Users/paoloriccardo/Local Sites/hotelpomelia/app/public/wp-settings.php:598
[06-Oct-2022 12:17:37 UTC] PHP   6. WP_Hook->do_action() /Users/paoloriccardo/Local Sites/hotelpomelia/app/public/wp-includes/plugin.php:476
[06-Oct-2022 12:17:37 UTC] PHP   7. WP_Hook->apply_filters() /Users/paoloriccardo/Local Sites/hotelpomelia/app/public/wp-includes/class-wp-hook.php:331
[06-Oct-2022 12:17:37 UTC] PHP   8. JSessionHandler::start() /Users/paoloriccardo/Local Sites/hotelpomelia/app/public/wp-includes/class-wp-hook.php:307
[06-Oct-2022 12:17:37 UTC] PHP   9. session_start() /Users/paoloriccardo/Local Sites/hotelpomelia/app/public/wp-content/plugins/vikbooking/libraries/adapter/session/handler.php:31
[06-Oct-2022 13:16:00 UTC] PHP Warning:  session_start(): Cannot start session when headers already sent in /Users/paoloriccardo/Local Sites/hotelpomelia/app/public/wp-content/plugins/vikbooking/libraries/adapter/session/handler.php on line 31
[06-Oct-2022 13:16:00 UTC] PHP Stack trace:
[06-Oct-2022 13:16:00 UTC] PHP   1. {main}() /Users/paoloriccardo/Local Sites/hotelpomelia/app/public/wp-cron.php:0
[06-Oct-2022 13:16:00 UTC] PHP   2. require_once() /Users/paoloriccardo/Local Sites/hotelpomelia/app/public/wp-cron.php:44
[06-Oct-2022 13:16:00 UTC] PHP   3. require_once() /Users/paoloriccardo/Local Sites/hotelpomelia/app/public/wp-load.php:50
[06-Oct-2022 13:16:00 UTC] PHP   4. require_once() /Users/paoloriccardo/Local Sites/hotelpomelia/app/public/wp-config.php:91
[06-Oct-2022 13:16:00 UTC] PHP   5. do_action() /Users/paoloriccardo/Local Sites/hotelpomelia/app/public/wp-settings.php:598
[06-Oct-2022 13:16:00 UTC] PHP   6. WP_Hook->do_action() /Users/paoloriccardo/Local Sites/hotelpomelia/app/public/wp-includes/plugin.php:476
[06-Oct-2022 13:16:00 UTC] PHP   7. WP_Hook->apply_filters() /Users/paoloriccardo/Local Sites/hotelpomelia/app/public/wp-includes/class-wp-hook.php:331
[06-Oct-2022 13:16:00 UTC] PHP   8. JSessionHandler::start() /Users/paoloriccardo/Local Sites/hotelpomelia/app/public/wp-includes/class-wp-hook.php:307
[06-Oct-2022 13:16:00 UTC] PHP   9. session_start() /Users/paoloriccardo/Local Sites/hotelpomelia/app/public/wp-content/plugins/vikbooking/libraries/adapter/session/handler.php:31
[06-Oct-2022 14:16:16 UTC] PHP Warning:  session_start(): Cannot start session when headers already sent in /Users/paoloriccardo/Local Sites/hotelpomelia/app/public/wp-content/plugins/vikbooking/libraries/adapter/session/handler.php on line 31
[06-Oct-2022 14:16:16 UTC] PHP Stack trace:
[06-Oct-2022 14:16:16 UTC] PHP   1. {main}() /Users/paoloriccardo/Local Sites/hotelpomelia/app/public/wp-cron.php:0
[06-Oct-2022 14:16:16 UTC] PHP   2. require_once() /Users/paoloriccardo/Local Sites/hotelpomelia/app/public/wp-cron.php:44
[06-Oct-2022 14:16:16 UTC] PHP   3. require_once() /Users/paoloriccardo/Local Sites/hotelpomelia/app/public/wp-load.php:50
[06-Oct-2022 14:16:16 UTC] PHP   4. require_once() /Users/paoloriccardo/Local Sites/hotelpomelia/app/public/wp-config.php:91
[06-Oct-2022 14:16:16 UTC] PHP   5. do_action() /Users/paoloriccardo/Local Sites/hotelpomelia/app/public/wp-settings.php:598
[06-Oct-2022 14:16:16 UTC] PHP   6. WP_Hook->do_action() /Users/paoloriccardo/Local Sites/hotelpomelia/app/public/wp-includes/plugin.php:476
[06-Oct-2022 14:16:16 UTC] PHP   7. WP_Hook->apply_filters() /Users/paoloriccardo/Local Sites/hotelpomelia/app/public/wp-includes/class-wp-hook.php:331
[06-Oct-2022 14:16:16 UTC] PHP   8. JSessionHandler::start() /Users/paoloriccardo/Local Sites/hotelpomelia/app/public/wp-includes/class-wp-hook.php:307
[06-Oct-2022 14:16:16 UTC] PHP   9. session_start() /Users/paoloriccardo/Local Sites/hotelpomelia/app/public/wp-content/plugins/vikbooking/libraries/adapter/session/handler.php:31
[06-Oct-2022 15:15:39 UTC] PHP Warning:  session_start(): Cannot start session when headers already sent in /Users/paoloriccardo/Local Sites/hotelpomelia/app/public/wp-content/plugins/vikbooking/libraries/adapter/session/handler.php on line 31
[06-Oct-2022 15:15:39 UTC] PHP Stack trace:
[06-Oct-2022 15:15:39 UTC] PHP   1. {main}() /Users/paoloriccardo/Local Sites/hotelpomelia/app/public/wp-cron.php:0
[06-Oct-2022 15:15:39 UTC] PHP   2. require_once() /Users/paoloriccardo/Local Sites/hotelpomelia/app/public/wp-cron.php:44
[06-Oct-2022 15:15:39 UTC] PHP   3. require_once() /Users/paoloriccardo/Local Sites/hotelpomelia/app/public/wp-load.php:50
[06-Oct-2022 15:15:39 UTC] PHP   4. require_once() /Users/paoloriccardo/Local Sites/hotelpomelia/app/public/wp-config.php:91
[06-Oct-2022 15:15:39 UTC] PHP   5. do_action() /Users/paoloriccardo/Local Sites/hotelpomelia/app/public/wp-settings.php:598
[06-Oct-2022 15:15:39 UTC] PHP   6. WP_Hook->do_action() /Users/paoloriccardo/Local Sites/hotelpomelia/app/public/wp-includes/plugin.php:476
[06-Oct-2022 15:15:39 UTC] PHP   7. WP_Hook->apply_filters() /Users/paoloriccardo/Local Sites/hotelpomelia/app/public/wp-includes/class-wp-hook.php:331
[06-Oct-2022 15:15:39 UTC] PHP   8. JSessionHandler::start() /Users/paoloriccardo/Local Sites/hotelpomelia/app/public/wp-includes/class-wp-hook.php:307
[06-Oct-2022 15:15:39 UTC] PHP   9. session_start() /Users/paoloriccardo/Local Sites/hotelpomelia/app/public/wp-content/plugins/vikbooking/libraries/adapter/session/handler.php:31
